#
# There is insufficient memory for the Java Runtime Environment to continue.
# Native memory allocation (malloc) failed to allocate 163696 bytes for Chunk::new
# Possible reasons:
#   The system is out of physical RAM or swap space
#   The process is running with CompressedOops enabled, and the Java Heap may be blocking the growth of the native heap
# Possible solutions:
#   Reduce memory load on the system
#   Increase physical memory or swap space
#   Check if swap backing store is full
#   Decrease Java heap size (-Xmx/-Xms)
#   Decrease number of Java threads
#   Decrease Java thread stack sizes (-Xss)
#   Set larger code cache with -XX:ReservedCodeCacheSize=
#   JVM is running with Unscaled Compressed Oops mode in which the Java heap is
#     placed in the first 4GB address space. The Java Heap base address is the
#     maximum limit for the native heap growth. Please use -XX:HeapBaseMinAddress
#     to set the Java Heap base and to place the Java Heap above 4GB virtual address.
# This output file may be truncated or incomplete.
#
#  Out of Memory Error (arena.cpp:189), pid=16796, tid=12964
#
# JRE version: Java(TM) SE Runtime Environment (17.0.10+11) (build 17.0.10+11-LTS-240)
# Java VM: Java HotSpot(TM) 64-Bit Server VM (17.0.10+11-LTS-240, mixed mode, sharing, tiered, compressed oops, compressed class ptrs, g1 gc, windows-amd64)
# No core dump will be written. Minidumps are not enabled by default on client versions of Windows
#

---------------  S U M M A R Y ------------

Command Line: -Xmx64m -Xms64m -Dorg.gradle.appname=gradlew org.gradle.wrapper.GradleWrapperMain app:installDebug -PreactNativeDevServerPort=8081

Host: AMD Ryzen 3 5300U with Radeon Graphics         , 8 cores, 7G,  Windows 11 , 64 bit Build 22621 (10.0.22621.3958)
Time: Mon Oct 21 19:05:58 2024 SA Pacific Standard Time elapsed time: 1.628630 seconds (0d 0h 0m 1s)

---------------  T H R E A D  ---------------

Current thread (0x000002177f31d090):  JavaThread "C2 CompilerThread0" daemon [_thread_in_native, id=12964, stack(0x000000f279000000,0x000000f279100000)]


Current CompileTask:
C2:   1628  857   !   4       jdk.internal.loader.URLClassPath$JarLoader::getResource (65 bytes)

Stack: [0x000000f279000000,0x000000f279100000]
Native frames: (J=compiled Java code, j=interpreted, Vv=VM code, C=native code)
V  [jvm.dll+0x677a5a]
V  [jvm.dll+0x7d8b2d]
V  [jvm.dll+0x7da48e]
V  [jvm.dll+0x7daaf3]
V  [jvm.dll+0x2455ff]
V  [jvm.dll+0xaaafb]
V  [jvm.dll+0xab09c]
V  [jvm.dll+0x361bae]
V  [jvm.dll+0x32c211]
V  [jvm.dll+0x32b6aa]
V  [jvm.dll+0x21794f]
V  [jvm.dll+0x216d81]
V  [jvm.dll+0x1a3410]
V  [jvm.dll+0x226aeb]
V  [jvm.dll+0x224cab]
V  [jvm.dll+0x78e45c]
V  [jvm.dll+0x78888a]
V  [jvm.dll+0x676935]
C  [ucrtbase.dll+0x29333]
C  [KERNEL32.DLL+0x1257d]
C  [ntdll.dll+0x5af08]


---------------  P R O C E S S  ---------------

Threads class SMR info:
_java_thread_list=0x000002175e1d19d0, length=13, elements={
0x000002177f262230, 0x000002177f306de0, 0x000002177f307c60, 0x000002177f318040,
0x000002177f31aa10, 0x000002177f31b9e0, 0x000002177f31c3a0, 0x000002177f31d090,
0x000002177f31db40, 0x0000021718a44f70, 0x000002175e05f340, 0x000002175e05d4e0,
0x000002175e1cd510
}

Java Threads: ( => current thread )
  0x000002177f262230 JavaThread "main" [_thread_in_Java, id=13904, stack(0x000000f278300000,0x000000f278400000)]
  0x000002177f306de0 JavaThread "Reference Handler" daemon [_thread_blocked, id=16528, stack(0x000000f278a00000,0x000000f278b00000)]
  0x000002177f307c60 JavaThread "Finalizer" daemon [_thread_blocked, id=12064, stack(0x000000f278b00000,0x000000f278c00000)]
  0x000002177f318040 JavaThread "Signal Dispatcher" daemon [_thread_blocked, id=12808, stack(0x000000f278c00000,0x000000f278d00000)]
  0x000002177f31aa10 JavaThread "Attach Listener" daemon [_thread_blocked, id=10744, stack(0x000000f278d00000,0x000000f278e00000)]
  0x000002177f31b9e0 JavaThread "Service Thread" daemon [_thread_blocked, id=4152, stack(0x000000f278e00000,0x000000f278f00000)]
  0x000002177f31c3a0 JavaThread "Monitor Deflation Thread" daemon [_thread_blocked, id=20072, stack(0x000000f278f00000,0x000000f279000000)]
=>0x000002177f31d090 JavaThread "C2 CompilerThread0" daemon [_thread_in_native, id=12964, stack(0x000000f279000000,0x000000f279100000)]
  0x000002177f31db40 JavaThread "C1 CompilerThread0" daemon [_thread_in_native, id=13884, stack(0x000000f279100000,0x000000f279200000)]
  0x0000021718a44f70 JavaThread "Sweeper thread" daemon [_thread_blocked, id=15128, stack(0x000000f279200000,0x000000f279300000)]
  0x000002175e05f340 JavaThread "Notification Thread" daemon [_thread_blocked, id=9272, stack(0x000000f279300000,0x000000f279400000)]
  0x000002175e05d4e0 JavaThread "Common-Cleaner" daemon [_thread_blocked, id=17156, stack(0x000000f279500000,0x000000f279600000)]
  0x000002175e1cd510 JavaThread "C2 CompilerThread1" daemon [_thread_in_native, id=13148, stack(0x000000f279600000,0x000000f279700000)]

Other Threads:
  0x000002177f300dd0 VMThread "VM Thread" [stack: 0x000000f278900000,0x000000f278a00000] [id=3908]
  0x000002177f286c40 WatcherThread [stack: 0x000000f279400000,0x000000f279500000] [id=824]
  0x000002177f27f230 GCTaskThread "GC Thread#0" [stack: 0x000000f278400000,0x000000f278500000] [id=15788]
  0x000002175edda670 GCTaskThread "GC Thread#1" [stack: 0x000000f279700000,0x000000f279800000] [id=5956]
  0x000002175ed5d360 GCTaskThread "GC Thread#2" [stack: 0x000000f279800000,0x000000f279900000] [id=17236]
  0x000002175ed5d0a0 GCTaskThread "GC Thread#3" [stack: 0x000000f279900000,0x000000f279a00000] [id=10336]
  0x000002177f280980 ConcurrentGCThread "G1 Main Marker" [stack: 0x000000f278500000,0x000000f278600000] [id=19316]
  0x000002177f281390 ConcurrentGCThread "G1 Conc#0" [stack: 0x000000f278600000,0x000000f278700000] [id=13352]
  0x000002177f2e29f0 ConcurrentGCThread "G1 Refine#0" [stack: 0x000000f278700000,0x000000f278800000] [id=13684]
  0x000002177f2e3420 ConcurrentGCThread "G1 Service" [stack: 0x000000f278800000,0x000000f278900000] [id=20188]

Threads with active compile tasks:
C2 CompilerThread0     1673  857   !   4       jdk.internal.loader.URLClassPath$JarLoader::getResource (65 bytes)
C1 CompilerThread0     1673  902       3       jdk.internal.org.objectweb.asm.Frame::execute (2305 bytes)
C2 CompilerThread1     1673  876       4       java.util.jar.Manifest$FastInputStream::readLine (296 bytes)

VM state: not at safepoint (normal execution)

VM Mutex/Monitor currently owned by a thread: None

Heap address: 0x00000000fc000000, size: 64 MB, Compressed Oops mode: 32-bit

CDS archive(s) mapped at: [0x0000021719000000-0x0000021719bd0000-0x0000021719bd0000), size 12386304, SharedBaseAddress: 0x0000021719000000, ArchiveRelocationMode: 1.
Compressed class space mapped at: 0x000002171a000000-0x000002175a000000, reserved size: 1073741824
Narrow klass base: 0x0000021719000000, Narrow klass shift: 0, Narrow klass range: 0x100000000

GC Precious Log:
 CPUs: 8 total, 8 available
 Memory: 7501M
 Large Page Support: Disabled
 NUMA Support: Disabled
 Compressed Oops: Enabled (32-bit)
 Heap Region Size: 1M
 Heap Min Capacity: 64M
 Heap Initial Capacity: 64M
 Heap Max Capacity: 64M
 Pre-touch: Disabled
 Parallel Workers: 8
 Concurrent Workers: 2
 Concurrent Refinement Workers: 8
 Periodic GC: Disabled

Heap:
 garbage-first heap   total 65536K, used 16080K [0x00000000fc000000, 0x0000000100000000)
  region size 1024K, 9 young (9216K), 3 survivors (3072K)
 Metaspace       used 3935K, committed 4160K, reserved 1114112K
  class space    used 493K, committed 576K, reserved 1048576K

Heap Regions: E=young(eden), S=young(survivor), O=old, HS=humongous(starts), HC=humongous(continues), CS=collection set, F=free, OA=open archive, CA=closed archive, TAMS=top-at-mark-start (previous, next)
|   0|0x00000000fc000000, 0x00000000fc100000, 0x00000000fc100000|100%|HS|  |TAMS 0x00000000fc000000, 0x00000000fc000000| Complete 
|   1|0x00000000fc100000, 0x00000000fc200000, 0x00000000fc200000|100%|HC|  |TAMS 0x00000000fc100000, 0x00000000fc100000| Complete 
|   2|0x00000000fc200000, 0x00000000fc300000, 0x00000000fc300000|100%|HC|  |TAMS 0x00000000fc200000, 0x00000000fc200000| Complete 
|   3|0x00000000fc300000, 0x00000000fc400000, 0x00000000fc400000|100%|HC|  |TAMS 0x00000000fc300000, 0x00000000fc300000| Complete 
|   4|0x00000000fc400000, 0x00000000fc500000, 0x00000000fc500000|100%| O|  |TAMS 0x00000000fc400000, 0x00000000fc400000| Untracked 
|   5|0x00000000fc500000, 0x00000000fc600000, 0x00000000fc600000|100%| O|  |TAMS 0x00000000fc500000, 0x00000000fc500000| Untracked 
|   6|0x00000000fc600000, 0x00000000fc700000, 0x00000000fc700000|100%| O|  |TAMS 0x00000000fc600000, 0x00000000fc600000| Untracked 
|   7|0x00000000fc700000, 0x00000000fc7b4200, 0x00000000fc800000| 70%| O|  |TAMS 0x00000000fc700000, 0x00000000fc700000| Untracked 
|   8|0x00000000fc800000, 0x00000000fc800000, 0x00000000fc900000|  0%| F|  |TAMS 0x00000000fc800000, 0x00000000fc800000| Untracked 
|   9|0x00000000fc900000, 0x00000000fc900000, 0x00000000fca00000|  0%| F|  |TAMS 0x00000000fc900000, 0x00000000fc900000| Untracked 
|  10|0x00000000fca00000, 0x00000000fca00000, 0x00000000fcb00000|  0%| F|  |TAMS 0x00000000fca00000, 0x00000000fca00000| Untracked 
|  11|0x00000000fcb00000, 0x00000000fcb00000, 0x00000000fcc00000|  0%| F|  |TAMS 0x00000000fcb00000, 0x00000000fcb00000| Untracked 
|  12|0x00000000fcc00000, 0x00000000fcc00000, 0x00000000fcd00000|  0%| F|  |TAMS 0x00000000fcc00000, 0x00000000fcc00000| Untracked 
|  13|0x00000000fcd00000, 0x00000000fcd00000, 0x00000000fce00000|  0%| F|  |TAMS 0x00000000fcd00000, 0x00000000fcd00000| Untracked 
|  14|0x00000000fce00000, 0x00000000fce00000, 0x00000000fcf00000|  0%| F|  |TAMS 0x00000000fce00000, 0x00000000fce00000| Untracked 
|  15|0x00000000fcf00000, 0x00000000fcf00000, 0x00000000fd000000|  0%| F|  |TAMS 0x00000000fcf00000, 0x00000000fcf00000| Untracked 
|  16|0x00000000fd000000, 0x00000000fd000000, 0x00000000fd100000|  0%| F|  |TAMS 0x00000000fd000000, 0x00000000fd000000| Untracked 
|  17|0x00000000fd100000, 0x00000000fd100000, 0x00000000fd200000|  0%| F|  |TAMS 0x00000000fd100000, 0x00000000fd100000| Untracked 
|  18|0x00000000fd200000, 0x00000000fd200000, 0x00000000fd300000|  0%| F|  |TAMS 0x00000000fd200000, 0x00000000fd200000| Untracked 
|  19|0x00000000fd300000, 0x00000000fd300000, 0x00000000fd400000|  0%| F|  |TAMS 0x00000000fd300000, 0x00000000fd300000| Untracked 
|  20|0x00000000fd400000, 0x00000000fd400000, 0x00000000fd500000|  0%| F|  |TAMS 0x00000000fd400000, 0x00000000fd400000| Untracked 
|  21|0x00000000fd500000, 0x00000000fd500000, 0x00000000fd600000|  0%| F|  |TAMS 0x00000000fd500000, 0x00000000fd500000| Untracked 
|  22|0x00000000fd600000, 0x00000000fd600000, 0x00000000fd700000|  0%| F|  |TAMS 0x00000000fd600000, 0x00000000fd600000| Untracked 
|  23|0x00000000fd700000, 0x00000000fd700000, 0x00000000fd800000|  0%| F|  |TAMS 0x00000000fd700000, 0x00000000fd700000| Untracked 
|  24|0x00000000fd800000, 0x00000000fd800000, 0x00000000fd900000|  0%| F|  |TAMS 0x00000000fd800000, 0x00000000fd800000| Untracked 
|  25|0x00000000fd900000, 0x00000000fd900000, 0x00000000fda00000|  0%| F|  |TAMS 0x00000000fd900000, 0x00000000fd900000| Untracked 
|  26|0x00000000fda00000, 0x00000000fda00000, 0x00000000fdb00000|  0%| F|  |TAMS 0x00000000fda00000, 0x00000000fda00000| Untracked 
|  27|0x00000000fdb00000, 0x00000000fdb00000, 0x00000000fdc00000|  0%| F|  |TAMS 0x00000000fdb00000, 0x00000000fdb00000| Untracked 
|  28|0x00000000fdc00000, 0x00000000fdc00000, 0x00000000fdd00000|  0%| F|  |TAMS 0x00000000fdc00000, 0x00000000fdc00000| Untracked 
|  29|0x00000000fdd00000, 0x00000000fdd00000, 0x00000000fde00000|  0%| F|  |TAMS 0x00000000fdd00000, 0x00000000fdd00000| Untracked 
|  30|0x00000000fde00000, 0x00000000fde00000, 0x00000000fdf00000|  0%| F|  |TAMS 0x00000000fde00000, 0x00000000fde00000| Untracked 
|  31|0x00000000fdf00000, 0x00000000fdf00000, 0x00000000fe000000|  0%| F|  |TAMS 0x00000000fdf00000, 0x00000000fdf00000| Untracked 
|  32|0x00000000fe000000, 0x00000000fe000000, 0x00000000fe100000|  0%| F|  |TAMS 0x00000000fe000000, 0x00000000fe000000| Untracked 
|  33|0x00000000fe100000, 0x00000000fe100000, 0x00000000fe200000|  0%| F|  |TAMS 0x00000000fe100000, 0x00000000fe100000| Untracked 
|  34|0x00000000fe200000, 0x00000000fe200000, 0x00000000fe300000|  0%| F|  |TAMS 0x00000000fe200000, 0x00000000fe200000| Untracked 
|  35|0x00000000fe300000, 0x00000000fe300000, 0x00000000fe400000|  0%| F|  |TAMS 0x00000000fe300000, 0x00000000fe300000| Untracked 
|  36|0x00000000fe400000, 0x00000000fe400000, 0x00000000fe500000|  0%| F|  |TAMS 0x00000000fe400000, 0x00000000fe400000| Untracked 
|  37|0x00000000fe500000, 0x00000000fe500000, 0x00000000fe600000|  0%| F|  |TAMS 0x00000000fe500000, 0x00000000fe500000| Untracked 
|  38|0x00000000fe600000, 0x00000000fe700000, 0x00000000fe700000|100%| S|CS|TAMS 0x00000000fe600000, 0x00000000fe600000| Complete 
|  39|0x00000000fe700000, 0x00000000fe800000, 0x00000000fe800000|100%| S|CS|TAMS 0x00000000fe700000, 0x00000000fe700000| Complete 
|  40|0x00000000fe800000, 0x00000000fe900000, 0x00000000fe900000|100%| S|CS|TAMS 0x00000000fe800000, 0x00000000fe800000| Complete 
|  41|0x00000000fe900000, 0x00000000fe900000, 0x00000000fea00000|  0%| F|  |TAMS 0x00000000fe900000, 0x00000000fe900000| Untracked 
|  42|0x00000000fea00000, 0x00000000fea00000, 0x00000000feb00000|  0%| F|  |TAMS 0x00000000fea00000, 0x00000000fea00000| Untracked 
|  43|0x00000000feb00000, 0x00000000feb00000, 0x00000000fec00000|  0%| F|  |TAMS 0x00000000feb00000, 0x00000000feb00000| Untracked 
|  44|0x00000000fec00000, 0x00000000fec00000, 0x00000000fed00000|  0%| F|  |TAMS 0x00000000fec00000, 0x00000000fec00000| Untracked 
|  45|0x00000000fed00000, 0x00000000fed00000, 0x00000000fee00000|  0%| F|  |TAMS 0x00000000fed00000, 0x00000000fed00000| Untracked 
|  46|0x00000000fee00000, 0x00000000fee00000, 0x00000000fef00000|  0%| F|  |TAMS 0x00000000fee00000, 0x00000000fee00000| Untracked 
|  47|0x00000000fef00000, 0x00000000fef00000, 0x00000000ff000000|  0%| F|  |TAMS 0x00000000fef00000, 0x00000000fef00000| Untracked 
|  48|0x00000000ff000000, 0x00000000ff000000, 0x00000000ff100000|  0%| F|  |TAMS 0x00000000ff000000, 0x00000000ff000000| Untracked 
|  49|0x00000000ff100000, 0x00000000ff100000, 0x00000000ff200000|  0%| F|  |TAMS 0x00000000ff100000, 0x00000000ff100000| Untracked 
|  50|0x00000000ff200000, 0x00000000ff200000, 0x00000000ff300000|  0%| F|  |TAMS 0x00000000ff200000, 0x00000000ff200000| Untracked 
|  51|0x00000000ff300000, 0x00000000ff300000, 0x00000000ff400000|  0%| F|  |TAMS 0x00000000ff300000, 0x00000000ff300000| Untracked 
|  52|0x00000000ff400000, 0x00000000ff400000, 0x00000000ff500000|  0%| F|  |TAMS 0x00000000ff400000, 0x00000000ff400000| Untracked 
|  53|0x00000000ff500000, 0x00000000ff500000, 0x00000000ff600000|  0%| F|  |TAMS 0x00000000ff500000, 0x00000000ff500000| Untracked 
|  54|0x00000000ff600000, 0x00000000ff600000, 0x00000000ff700000|  0%| F|  |TAMS 0x00000000ff600000, 0x00000000ff600000| Untracked 
|  55|0x00000000ff700000, 0x00000000ff700000, 0x00000000ff800000|  0%| F|  |TAMS 0x00000000ff700000, 0x00000000ff700000| Untracked 
|  56|0x00000000ff800000, 0x00000000ff800000, 0x00000000ff900000|  0%| F|  |TAMS 0x00000000ff800000, 0x00000000ff800000| Untracked 
|  57|0x00000000ff900000, 0x00000000ff900000, 0x00000000ffa00000|  0%| F|  |TAMS 0x00000000ff900000, 0x00000000ff900000| Untracked 
|  58|0x00000000ffa00000, 0x00000000ffa71270, 0x00000000ffb00000| 44%| E|  |TAMS 0x00000000ffa00000, 0x00000000ffa00000| Complete 
|  59|0x00000000ffb00000, 0x00000000ffc00000, 0x00000000ffc00000|100%| E|CS|TAMS 0x00000000ffb00000, 0x00000000ffb00000| Complete 
|  60|0x00000000ffc00000, 0x00000000ffd00000, 0x00000000ffd00000|100%| E|CS|TAMS 0x00000000ffc00000, 0x00000000ffc00000| Complete 
|  61|0x00000000ffd00000, 0x00000000ffe00000, 0x00000000ffe00000|100%| E|CS|TAMS 0x00000000ffd00000, 0x00000000ffd00000| Complete 
|  62|0x00000000ffe00000, 0x00000000fff00000, 0x00000000fff00000|100%| E|CS|TAMS 0x00000000ffe00000, 0x00000000ffe00000| Complete 
|  63|0x00000000fff00000, 0x0000000100000000, 0x0000000100000000|100%| E|CS|TAMS 0x00000000fff00000, 0x00000000fff00000| Complete 

Card table byte_map: [0x000002177d250000,0x000002177d270000] _byte_map_base: 0x000002177ca70000

Marking Bits (Prev, Next): (CMBitMap*) 0x000002177f27f850, (CMBitMap*) 0x000002177f27f890
 Prev Bits: [0x000002177f650000, 0x000002177f750000)
 Next Bits: [0x000002177f750000, 0x000002177f850000)

Polling page: 0x000002177d200000

Metaspace:

Usage:
  Non-class:      3.37 MB used.
      Class:    494.73 KB used.
       Both:      3.85 MB used.

Virtual space:
  Non-class space:       64.00 MB reserved,       3.50 MB (  5%) committed,  1 nodes.
      Class space:        1.00 GB reserved,     576.00 KB ( <1%) committed,  1 nodes.
             Both:        1.06 GB reserved,       4.06 MB ( <1%) committed. 

Chunk freelists:
   Non-Class:  10.49 MB
       Class:  15.41 MB
        Both:  25.90 MB

MaxMetaspaceSize: unlimited
CompressedClassSpaceSize: 1.00 GB
Initial GC threshold: 21.00 MB
Current GC threshold: 21.00 MB
CDS: on
MetaspaceReclaimPolicy: balanced
 - commit_granule_bytes: 65536.
 - commit_granule_words: 8192.
 - virtual_space_node_default_size: 8388608.
 - enlarge_chunks_in_place: 1.
 - new_chunks_are_fully_committed: 0.
 - uncommit_free_chunks: 1.
 - use_allocation_guard: 0.
 - handle_deallocations: 1.


Internal statistics:

num_allocs_failed_limit: 0.
num_arena_births: 46.
num_arena_deaths: 0.
num_vsnodes_births: 2.
num_vsnodes_deaths: 0.
num_space_committed: 65.
num_space_uncommitted: 0.
num_chunks_returned_to_freelist: 0.
num_chunks_taken_from_freelist: 141.
num_chunk_merges: 0.
num_chunk_splits: 95.
num_chunks_enlarged: 78.
num_inconsistent_stats: 0.

CodeHeap 'non-profiled nmethods': size=120000Kb used=397Kb max_used=397Kb free=119602Kb
 bounds [0x000002170f2b0000, 0x000002170f520000, 0x00000217167e0000]
CodeHeap 'profiled nmethods': size=120000Kb used=1733Kb max_used=1733Kb free=118266Kb
 bounds [0x00000217077e0000, 0x0000021707a50000, 0x000002170ed10000]
CodeHeap 'non-nmethods': size=5760Kb used=1133Kb max_used=1150Kb free=4627Kb
 bounds [0x000002170ed10000, 0x000002170ef80000, 0x000002170f2b0000]
 total_blobs=1327 nmethods=910 adapters=330
 compilation: enabled
              stopped_count=0, restarted_count=0
 full_count=0

Compilation events (20 events):
Event: 1.596 Thread 0x000002177f31db40  849       1       java.util.concurrent.ConcurrentHashMap$MapEntry::getKey (5 bytes)
Event: 1.596 Thread 0x000002177f31db40 nmethod 849 0x000002170f30cd10 code [0x000002170f30cea0, 0x000002170f30cf78]
Event: 1.611 Thread 0x000002177f31db40  850       3       jdk.internal.jimage.ImageStringsReader::hashCode (33 bytes)
Event: 1.611 Thread 0x000002177f31db40 nmethod 850 0x0000021707970110 code [0x00000217079702c0, 0x0000021707970438]
Event: 1.613 Thread 0x000002175e1cd510  851   !   4       java.util.zip.ZipFile::getEntry (59 bytes)
Event: 1.613 Thread 0x000002177f31db40  852  s    3       java.util.jar.JarFile::getInputStream (72 bytes)
Event: 1.614 Thread 0x000002177f31db40 nmethod 852 0x0000021707970510 code [0x0000021707970740, 0x0000021707970c98]
Event: 1.614 Thread 0x000002177f31db40  853       3       java.util.regex.Pattern::expr (142 bytes)
Event: 1.615 Thread 0x000002177f31db40 nmethod 853 0x0000021707970e90 code [0x00000217079710e0, 0x0000021707971bc8]
Event: 1.615 Thread 0x000002177f31db40  854       3       jdk.internal.loader.URLClassPath$JarLoader$2::getInputStream (15 bytes)
Event: 1.615 Thread 0x000002177f31db40 nmethod 854 0x0000021707971f90 code [0x0000021707972140, 0x0000021707972328]
Event: 1.615 Thread 0x000002177f31db40  855  s    3       jdk.internal.loader.Resource::cachedInputStream (20 bytes)
Event: 1.616 Thread 0x000002177f31db40 nmethod 855 0x0000021707972410 code [0x00000217079725c0, 0x0000021707972948]
Event: 1.616 Thread 0x000002177f31d090  857   !   4       jdk.internal.loader.URLClassPath$JarLoader::getResource (65 bytes)
Event: 1.617 Thread 0x000002177f31db40  858       3       java.util.HashSet::<init> (16 bytes)
Event: 1.618 Thread 0x000002177f31db40 nmethod 858 0x0000021707972a90 code [0x0000021707972c60, 0x0000021707973078]
Event: 1.621 Thread 0x000002177f31db40  859   !   3       jdk.internal.loader.URLClassPath$JarLoader::getResource (354 bytes)
Event: 1.624 Thread 0x000002177f31db40 nmethod 859 0x0000021707973210 code [0x00000217079736a0, 0x0000021707975778]
Event: 1.624 Thread 0x000002177f31db40  861       3       java.util.jar.JarFile::maybeInstantiateVerifier (42 bytes)
Event: 1.625 Thread 0x000002177f31db40 nmethod 861 0x0000021707976a10 code [0x0000021707976be0, 0x0000021707976f58]

GC Heap History (2 events):
Event: 1.430 GC heap before
{Heap before GC invocations=0 (full 0):
 garbage-first heap   total 65536K, used 26624K [0x00000000fc000000, 0x0000000100000000)
  region size 1024K, 23 young (23552K), 0 survivors (0K)
 Metaspace       used 2638K, committed 2816K, reserved 1114112K
  class space    used 279K, committed 384K, reserved 1048576K
}
Event: 1.448 GC heap after
{Heap after GC invocations=1 (full 0):
 garbage-first heap   total 65536K, used 10960K [0x00000000fc000000, 0x0000000100000000)
  region size 1024K, 3 young (3072K), 3 survivors (3072K)
 Metaspace       used 2638K, committed 2816K, reserved 1114112K
  class space    used 279K, committed 384K, reserved 1048576K
}

Deoptimization events (20 events):
Event: 1.576 Thread 0x000002177f262230 DEOPT PACKING pc=0x000002170f2cde38 sp=0x000000f2783fd290
Event: 1.576 Thread 0x000002177f262230 DEOPT UNPACKING pc=0x000002170ed623a3 sp=0x000000f2783fd218 mode 2
Event: 1.576 Thread 0x000002177f262230 Uncommon trap: trap_request=0xffffffde fr.pc=0x000002170f2cd72c relative=0x000000000000030c
Event: 1.576 Thread 0x000002177f262230 Uncommon trap: reason=class_check action=maybe_recompile pc=0x000002170f2cd72c method=java.util.regex.Matcher.match(II)Z @ 121 c2
Event: 1.576 Thread 0x000002177f262230 DEOPT PACKING pc=0x000002170f2cd72c sp=0x000000f2783fd2e0
Event: 1.576 Thread 0x000002177f262230 DEOPT UNPACKING pc=0x000002170ed623a3 sp=0x000000f2783fd278 mode 2
Event: 1.576 Thread 0x000002177f262230 Uncommon trap: trap_request=0xffffffde fr.pc=0x000002170f2cd72c relative=0x000000000000030c
Event: 1.576 Thread 0x000002177f262230 Uncommon trap: reason=class_check action=maybe_recompile pc=0x000002170f2cd72c method=java.util.regex.Matcher.match(II)Z @ 121 c2
Event: 1.576 Thread 0x000002177f262230 DEOPT PACKING pc=0x000002170f2cd72c sp=0x000000f2783fd2e0
Event: 1.576 Thread 0x000002177f262230 DEOPT UNPACKING pc=0x000002170ed623a3 sp=0x000000f2783fd278 mode 2
Event: 1.577 Thread 0x000002177f262230 Uncommon trap: trap_request=0xffffffde fr.pc=0x000002170f2cd72c relative=0x000000000000030c
Event: 1.577 Thread 0x000002177f262230 Uncommon trap: reason=class_check action=maybe_recompile pc=0x000002170f2cd72c method=java.util.regex.Matcher.match(II)Z @ 121 c2
Event: 1.577 Thread 0x000002177f262230 DEOPT PACKING pc=0x000002170f2cd72c sp=0x000000f2783fd170
Event: 1.577 Thread 0x000002177f262230 DEOPT UNPACKING pc=0x000002170ed623a3 sp=0x000000f2783fd108 mode 2
Event: 1.577 Thread 0x000002177f262230 Uncommon trap: trap_request=0xffffffde fr.pc=0x000002170f2cd72c relative=0x000000000000030c
Event: 1.577 Thread 0x000002177f262230 Uncommon trap: reason=class_check action=maybe_recompile pc=0x000002170f2cd72c method=java.util.regex.Matcher.match(II)Z @ 121 c2
Event: 1.577 Thread 0x000002177f262230 DEOPT PACKING pc=0x000002170f2cd72c sp=0x000000f2783fd170
Event: 1.577 Thread 0x000002177f262230 DEOPT UNPACKING pc=0x000002170ed623a3 sp=0x000000f2783fd108 mode 2
Event: 1.603 Thread 0x000002177f262230 DEOPT PACKING pc=0x000002170791d956 sp=0x000000f2783fc4c0
Event: 1.603 Thread 0x000002177f262230 DEOPT UNPACKING pc=0x000002170ed62b43 sp=0x000000f2783fb948 mode 0

Classes unloaded (0 events):
No events

Classes redefined (0 events):
No events

Internal exceptions (3 events):
Event: 0.478 Thread 0x000002177f262230 Exception <a 'java/lang/NoSuchMethodError'{0x00000000ffc4e178}: 'int java.lang.invoke.DirectMethodHandle$Holder.invokeStaticInit(java.lang.Object, java.lang.Object)'> (0x00000000ffc4e178) 
thrown [s\open\src\hotspot\share\interpreter\linkResolver.cpp, line 759]
Event: 1.586 Thread 0x000002177f262230 Exception <a 'java/lang/NoSuchMethodError'{0x00000000ffc80d50}: 'void java.lang.invoke.DirectMethodHandle$Holder.invokeStatic(java.lang.Object, java.lang.Object)'> (0x00000000ffc80d50) 
thrown [s\open\src\hotspot\share\interpreter\linkResolver.cpp, line 759]
Event: 1.617 Thread 0x000002177f262230 Exception <a 'java/lang/NoClassDefFoundError'{0x00000000ffb188b0}: org/slf4j/impl/StaticMarkerBinder> (0x00000000ffb188b0) 
thrown [s\open\src\hotspot\share\classfile\systemDictionary.cpp, line 245]

VM Operations (10 events):
Event: 0.325 Executing VM operation: HandshakeAllThreads
Event: 0.325 Executing VM operation: HandshakeAllThreads done
Event: 1.340 Executing VM operation: Cleanup
Event: 1.340 Executing VM operation: Cleanup done
Event: 1.430 Executing VM operation: G1CollectForAllocation
Event: 1.448 Executing VM operation: G1CollectForAllocation done
Event: 1.612 Executing VM operation: HandshakeAllThreads
Event: 1.612 Executing VM operation: HandshakeAllThreads done
Event: 1.612 Executing VM operation: HandshakeAllThreads
Event: 1.612 Executing VM operation: HandshakeAllThreads done

Events (20 events):
Event: 1.611 loading class java/net/URLClassLoader$2
Event: 1.611 loading class java/net/URLClassLoader$2 done
Event: 1.611 loading class sun/net/www/protocol/jar/JarURLConnection
Event: 1.611 loading class java/net/JarURLConnection
Event: 1.611 loading class java/net/JarURLConnection done
Event: 1.611 loading class sun/net/www/protocol/jar/JarURLConnection done
Event: 1.611 loading class sun/net/www/protocol/jar/JarFileFactory
Event: 1.611 loading class sun/net/www/protocol/jar/URLJarFile$URLJarFileCloseController
Event: 1.611 loading class sun/net/www/protocol/jar/URLJarFile$URLJarFileCloseController done
Event: 1.611 loading class sun/net/www/protocol/jar/JarFileFactory done
Event: 1.611 loading class sun/net/www/protocol/jar/URLJarFile
Event: 1.612 loading class sun/net/www/protocol/jar/URLJarFile done
Event: 1.613 loading class sun/net/www/protocol/jar/URLJarFile$URLJarFileEntry
Event: 1.613 loading class sun/net/www/protocol/jar/URLJarFile$URLJarFileEntry done
Event: 1.613 loading class sun/net/www/protocol/jar/JarURLConnection$JarURLInputStream
Event: 1.613 loading class sun/net/www/protocol/jar/JarURLConnection$JarURLInputStream done
Event: 1.615 loading class java/util/Formatter$FixedString
Event: 1.615 loading class java/util/Formatter$FixedString done
Event: 1.625 loading class java/net/UnknownHostException
Event: 1.625 loading class java/net/UnknownHostException done


Dynamic libraries:
0x00007ff7b1920000 - 0x00007ff7b1930000 	C:\Program Files\Java\jdk-17\bin\java.exe
0x00007fff74490000 - 0x00007fff746a7000 	C:\WINDOWS\SYSTEM32\ntdll.dll
0x00007fff734c0000 - 0x00007fff73584000 	C:\WINDOWS\System32\KERNEL32.DLL
0x00007fff71b80000 - 0x00007fff71f37000 	C:\WINDOWS\System32\KERNELBASE.dll
0x00007fff719b0000 - 0x00007fff71ac1000 	C:\WINDOWS\System32\ucrtbase.dll
0x00007fff6db50000 - 0x00007fff6db6b000 	C:\Program Files\Java\jdk-17\bin\VCRUNTIME140.dll
0x00007fff69ea0000 - 0x00007fff69eb9000 	C:\Program Files\Java\jdk-17\bin\jli.dll
0x00007fff72ee0000 - 0x00007fff72f92000 	C:\WINDOWS\System32\ADVAPI32.dll
0x00007fff74010000 - 0x00007fff740b7000 	C:\WINDOWS\System32\msvcrt.dll
0x00007fff722d0000 - 0x00007fff72378000 	C:\WINDOWS\System32\sechost.dll
0x00007fff72190000 - 0x00007fff721b8000 	C:\WINDOWS\System32\bcrypt.dll
0x00007fff74180000 - 0x00007fff74294000 	C:\WINDOWS\System32\RPCRT4.dll
0x00007fff742a0000 - 0x00007fff7444f000 	C:\WINDOWS\System32\USER32.dll
0x00007fff71ad0000 - 0x00007fff71af6000 	C:\WINDOWS\System32\win32u.dll
0x00007fff70a60000 - 0x00007fff70cf3000 	C:\WINDOWS\WinSxS\amd64_microsoft.windows.common-controls_6595b64144ccf1df_6.0.22621.3672_none_2713b9d173822955\COMCTL32.dll
0x00007fff73590000 - 0x00007fff735b9000 	C:\WINDOWS\System32\GDI32.dll
0x00007fff71fb0000 - 0x00007fff720c8000 	C:\WINDOWS\System32\gdi32full.dll
0x00007fff717a0000 - 0x00007fff7183a000 	C:\WINDOWS\System32\msvcp_win.dll
0x00007fff68c80000 - 0x00007fff68c8a000 	C:\WINDOWS\SYSTEM32\VERSION.dll
0x00007fff72630000 - 0x00007fff72661000 	C:\WINDOWS\System32\IMM32.DLL
0x00007fff6db40000 - 0x00007fff6db4c000 	C:\Program Files\Java\jdk-17\bin\vcruntime140_1.dll
0x00007fff16550000 - 0x00007fff165de000 	C:\Program Files\Java\jdk-17\bin\msvcp140.dll
0x00007fff15970000 - 0x00007fff1654f000 	C:\Program Files\Java\jdk-17\bin\server\jvm.dll
0x00007fff740c0000 - 0x00007fff740c8000 	C:\WINDOWS\System32\PSAPI.DLL
0x00007fff5c6b0000 - 0x00007fff5c6b9000 	C:\WINDOWS\SYSTEM32\WSOCK32.dll
0x00007fff6c690000 - 0x00007fff6c6c4000 	C:\WINDOWS\SYSTEM32\WINMM.dll
0x00007fff721c0000 - 0x00007fff72231000 	C:\WINDOWS\System32\WS2_32.dll
0x00007fff6f870000 - 0x00007fff6f888000 	C:\WINDOWS\SYSTEM32\kernel.appcore.dll
0x00007fff69e90000 - 0x00007fff69e9a000 	C:\Program Files\Java\jdk-17\bin\jimage.dll
0x00007fff71010000 - 0x00007fff71242000 	C:\WINDOWS\SYSTEM32\DBGHELP.DLL
0x00007fff73a50000 - 0x00007fff73dde000 	C:\WINDOWS\System32\combase.dll
0x00007fff72490000 - 0x00007fff72567000 	C:\WINDOWS\System32\OLEAUT32.dll
0x00007fff70f00000 - 0x00007fff70f32000 	C:\WINDOWS\SYSTEM32\dbgcore.DLL
0x00007fff71b00000 - 0x00007fff71b7b000 	C:\WINDOWS\System32\bcryptPrimitives.dll
0x00007fff69620000 - 0x00007fff69645000 	C:\Program Files\Java\jdk-17\bin\java.dll
0x00007fff15890000 - 0x00007fff15967000 	C:\Program Files\Java\jdk-17\bin\jsvml.dll
0x00007fff72670000 - 0x00007fff72ed9000 	C:\WINDOWS\System32\SHELL32.dll
0x00007fff6e7a0000 - 0x00007fff6f09f000 	C:\WINDOWS\SYSTEM32\windows.storage.dll
0x00007fff6e660000 - 0x00007fff6e79f000 	C:\WINDOWS\SYSTEM32\wintypes.dll
0x00007fff73780000 - 0x00007fff73879000 	C:\WINDOWS\System32\SHCORE.dll
0x00007fff73fb0000 - 0x00007fff7400e000 	C:\WINDOWS\System32\shlwapi.dll
0x00007fff716d0000 - 0x00007fff716f7000 	C:\WINDOWS\SYSTEM32\profapi.dll
0x00007fff59610000 - 0x00007fff59629000 	C:\Program Files\Java\jdk-17\bin\net.dll
0x00007fff6ca10000 - 0x00007fff6cb46000 	C:\WINDOWS\SYSTEM32\WINHTTP.dll
0x00007fff6fcf0000 - 0x00007fff6fd59000 	C:\WINDOWS\system32\mswsock.dll
0x00007fff595f0000 - 0x00007fff59606000 	C:\Program Files\Java\jdk-17\bin\nio.dll
0x00007fff287d0000 - 0x00007fff287e8000 	C:\Program Files\Java\jdk-17\bin\zip.dll
0x00007fff69e80000 - 0x00007fff69e90000 	C:\Program Files\Java\jdk-17\bin\verify.dll

dbghelp: loaded successfully - version: 4.0.5 - missing functions: none
symbol engine: initialized successfully - sym options: 0x614 - pdb path: .;C:\Program Files\Java\jdk-17\bin;C:\WINDOWS\SYSTEM32;C:\WINDOWS\WinSxS\amd64_microsoft.windows.common-controls_6595b64144ccf1df_6.0.22621.3672_none_2713b9d173822955;C:\Program Files\Java\jdk-17\bin\server

VM Arguments:
jvm_args: -Xmx64m -Xms64m -Dorg.gradle.appname=gradlew 
java_command: org.gradle.wrapper.GradleWrapperMain app:installDebug -PreactNativeDevServerPort=8081
java_class_path (initial): C:\Users\Herna\OneDrive\Desktop\Riwi\Desarrollo\React\vehicleMaintenance\android\\gradle\wrapper\gradle-wrapper.jar
Launcher Type: SUN_STANDARD

[Global flags]
     intx CICompilerCount                          = 4                                         {product} {ergonomic}
     uint ConcGCThreads                            = 2                                         {product} {ergonomic}
     uint G1ConcRefinementThreads                  = 8                                         {product} {ergonomic}
   size_t G1HeapRegionSize                         = 1048576                                   {product} {ergonomic}
    uintx GCDrainStackTargetSize                   = 64                                        {product} {ergonomic}
   size_t InitialHeapSize                          = 67108864                                  {product} {command line}
   size_t MarkStackSize                            = 4194304                                   {product} {ergonomic}
   size_t MaxHeapSize                              = 67108864                                  {product} {command line}
   size_t MaxNewSize                               = 39845888                                  {product} {ergonomic}
   size_t MinHeapDeltaBytes                        = 1048576                                   {product} {ergonomic}
   size_t MinHeapSize                              = 67108864                                  {product} {command line}
    uintx NonNMethodCodeHeapSize                   = 5839372                                {pd product} {ergonomic}
    uintx NonProfiledCodeHeapSize                  = 122909434                              {pd product} {ergonomic}
    uintx ProfiledCodeHeapSize                     = 122909434                              {pd product} {ergonomic}
    uintx ReservedCodeCacheSize                    = 251658240                              {pd product} {ergonomic}
     bool SegmentedCodeCache                       = true                                      {product} {ergonomic}
   size_t SoftMaxHeapSize                          = 67108864                               {manageable} {ergonomic}
     bool UseCompressedClassPointers               = true                           {product lp64_product} {ergonomic}
     bool UseCompressedOops                        = true                           {product lp64_product} {ergonomic}
     bool UseG1GC                                  = true                                      {product} {ergonomic}
     bool UseLargePagesIndividualAllocation        = false                                  {pd product} {ergonomic}

Logging:
Log output configuration:
 #0: stdout all=warning uptime,level,tags
 #1: stderr all=off uptime,level,tags

Environment Variables:
JAVA_HOME=C:\Program Files\Java\jdk-17
CLASSPATH=C:\Users\Herna\OneDrive\Desktop\Riwi\Desarrollo\React\vehicleMaintenance\android\\gradle\wrapper\gradle-wrapper.jar
PATH=C:\Users\Herna\OneDrive\Desktop\Riwi\Desarrollo\React\vehicleMaintenance\node_modules\.bin;C:\Users\Herna\OneDrive\Desktop\Riwi\Desarrollo\React\vehicleMaintenance\node_modules\.bin;C:\Users\Herna\OneDrive\Desktop\Riwi\Desarrollo\React\node_modules\.bin;C:\Users\Herna\OneDrive\Desktop\Riwi\Desarrollo\node_modules\.bin;C:\Users\Herna\OneDrive\Desktop\Riwi\node_modules\.bin;C:\Users\Herna\OneDrive\Desktop\node_modules\.bin;C:\Users\Herna\OneDrive\node_modules\.bin;C:\Users\Herna\node_modules\.bin;C:\Users\node_modules\.bin;C:\node_modules\.bin;C:\Program Files\nodejs\node_modules\npm\node_modules\@npmcli\run-script\lib\node-gyp-bin;C:\Users\Herna\OneDrive\Desktop\Riwi\Desarrollo\React\vehicleMaintenance\node_modules\.bin;C:\Users\Herna\OneDrive\Desktop\Riwi\Desarrollo\React\node_modules\.bin;C:\Users\Herna\OneDrive\Desktop\Riwi\Desarrollo\node_modules\.bin;C:\Users\Herna\OneDrive\Desktop\Riwi\node_modules\.bin;C:\Users\Herna\OneDrive\Desktop\node_modules\.bin;C:\Users\Herna\OneDrive\node_modules\.bin;C:\Users\Herna\node_modules\.bin;C:\Users\node_modules\.bin;C:\node_modules\.bin;C:\Program Files\nodejs\node_modules\npm\node_modules\@npmcli\run-script\lib\node-gyp-bin;C:\Users\Herna\bin;C:\Program Files\Git\mingw64\bin;C:\Program Files\Git\usr\local\bin;C:\Program Files\Git\usr\bin;C:\Program Files\Git\usr\bin;C:\Program Files\Git\mingw64\bin;C:\Program Files\Git\usr\bin;C:\Users\Herna\bin;C:\Program Files\Common Files\Oracle\Java\javapath;C:\WINDOWS\system32;C:\WINDOWS;C:\WINDOWS\System32\Wbem;C:\WINDOWS\System32\WindowsPowerShell\v1.0;C:\WINDOWS\System32\OpenSSH;C:\Program Files\Microsoft SQL Server\150\Tools\Binn;C:\Program Files\Microsoft SQL Server\Client SDK\ODBC\170\Tools\Binn;C:\Program Files\dotnet;C:\Program Files\Azure Data Studio\bin;C:\Program Files (x86)\Microsoft SQL Server\160\DTS\Binn;C:\Program Files\Git\cmd;C:\ProgramData\chocolatey\bin;C:\Program Files\nodejs;C:\Program Files\Docker\Docker\resources\bin;C:\Program Files\CMake\bin;C:\Users\Herna\AppData\Lo
USERNAME=Herna
SHELL=C:\Program Files\Git\usr\bin\bash.exe
DISPLAY=needs-to-be-defined
LANG=en_US.UTF-8
OS=Windows_NT
PROCESSOR_IDENTIFIER=AMD64 Family 23 Model 104 Stepping 1, AuthenticAMD



---------------  S Y S T E M  ---------------

OS:
 Windows 11 , 64 bit Build 22621 (10.0.22621.3958)
OS uptime: 0 days 8:27 hours
Hyper-V role detected

CPU: total 8 (initial active 8) (8 cores per cpu, 2 threads per core) family 23 model 104 stepping 1 microcode 0x0, cx8, cmov, fxsr, ht, mmx, 3dnowpref, sse, sse2, sse3, ssse3, sse4a, sse4.1, sse4.2, popcnt, lzcnt, tsc, tscinvbit, avx, avx2, aes, clmul, bmi1, bmi2, adx, sha, fma, vzeroupper, clflush, clflushopt, hv

Memory: 4k page, system-wide physical 7501M (550M free)
TotalPageFile size 30029M (AvailPageFile size 1M)
current process WorkingSet (physical memory assigned to process): 86M, peak: 86M
current process commit charge ("private bytes"): 161M, peak: 161M

vm_info: Java HotSpot(TM) 64-Bit Server VM (17.0.10+11-LTS-240) for windows-amd64 JRE (17.0.10+11-LTS-240), built on Dec 19 2023 21:47:25 by "mach5one" with MS VC++ 17.1 (VS2022)

END.
