#
# There is insufficient memory for the Java Runtime Environment to continue.
# Native memory allocation (mmap) failed to map 67108864 bytes for G1 virtual space
# Possible reasons:
#   The system is out of physical RAM or swap space
#   The process is running with CompressedOops enabled, and the Java Heap may be blocking the growth of the native heap
# Possible solutions:
#   Reduce memory load on the system
#   Increase physical memory or swap space
#   Check if swap backing store is full
#   Decrease Java heap size (-Xmx/-Xms)
#   Decrease number of Java threads
#   Decrease Java thread stack sizes (-Xss)
#   Set larger code cache with -XX:ReservedCodeCacheSize=
#   JVM is running with Unscaled Compressed Oops mode in which the Java heap is
#     placed in the first 4GB address space. The Java Heap base address is the
#     maximum limit for the native heap growth. Please use -XX:HeapBaseMinAddress
#     to set the Java Heap base and to place the Java Heap above 4GB virtual address.
# This output file may be truncated or incomplete.
#
#  Out of Memory Error (os_windows.cpp:3548), pid=18856, tid=14088
#
# JRE version:  (17.0.10+11) (build )
# Java VM: Java HotSpot(TM) 64-Bit Server VM (17.0.10+11-LTS-240, mixed mode, sharing, tiered, compressed oops, compressed class ptrs, g1 gc, windows-amd64)
# No core dump will be written. Minidumps are not enabled by default on client versions of Windows
#

---------------  S U M M A R Y ------------

Command Line: -Xmx64m -Xms64m -Dorg.gradle.appname=gradlew org.gradle.wrapper.GradleWrapperMain app:installDebug -PreactNativeDevServerPort=8081

Host: AMD Ryzen 3 5300U with Radeon Graphics         , 8 cores, 7G,  Windows 11 , 64 bit Build 22621 (10.0.22621.3958)
Time: Mon Oct 21 19:15:58 2024 SA Pacific Standard Time elapsed time: 0.018033 seconds (0d 0h 0m 0s)

---------------  T H R E A D  ---------------

Current thread (0x000001a660622210):  JavaThread "Unknown thread" [_thread_in_vm, id=14088, stack(0x000000406bc00000,0x000000406bd00000)]

Stack: [0x000000406bc00000,0x000000406bd00000]
Native frames: (J=compiled Java code, j=interpreted, Vv=VM code, C=native code)
V  [jvm.dll+0x677a5a]
V  [jvm.dll+0x7d8b2d]
V  [jvm.dll+0x7da48e]
V  [jvm.dll+0x7daaf3]
V  [jvm.dll+0x2455ff]
V  [jvm.dll+0x6749b9]
V  [jvm.dll+0x669382]
V  [jvm.dll+0x302e96]
V  [jvm.dll+0x30a416]
V  [jvm.dll+0x359cbe]
V  [jvm.dll+0x359eef]
V  [jvm.dll+0x2d9e88]
V  [jvm.dll+0x2dadf4]
V  [jvm.dll+0x7aa551]
V  [jvm.dll+0x367911]
V  [jvm.dll+0x789639]
V  [jvm.dll+0x3eb30f]
V  [jvm.dll+0x3ecd91]
C  [jli.dll+0x5297]
C  [ucrtbase.dll+0x29333]
C  [KERNEL32.DLL+0x1257d]
C  [ntdll.dll+0x5af08]


---------------  P R O C E S S  ---------------

Threads class SMR info:
_java_thread_list=0x00007fff16426a18, length=0, elements={
}

Java Threads: ( => current thread )

Other Threads:
  0x000001a660644b60 GCTaskThread "GC Thread#0" [stack: 0x000000406bd00000,0x000000406be00000] [id=20116]
  0x000001a6606462b0 ConcurrentGCThread "G1 Main Marker" [stack: 0x000000406be00000,0x000000406bf00000] [id=19308]
  0x000001a660646cc0 ConcurrentGCThread "G1 Conc#0" [stack: 0x000000406bf00000,0x000000406c000000] [id=13716]

[error occurred during error reporting (printing all threads), id 0xc0000005, EXCEPTION_ACCESS_VIOLATION (0xc0000005) at pc=0x00007fff15c5aae7]

VM state: not at safepoint (not fully initialized)

VM Mutex/Monitor currently owned by a thread:  ([mutex/lock_event])
[0x000001a66061e730] Heap_lock - owner thread: 0x000001a660622210

Heap address: 0x00000000fc000000, size: 64 MB, Compressed Oops mode: 32-bit

CDS archive(s) mapped at: [0x0000000000000000-0x0000000000000000-0x0000000000000000), size 0, SharedBaseAddress: 0x0000000800000000, ArchiveRelocationMode: 1.
Narrow klass base: 0x0000000000000000, Narrow klass shift: 0, Narrow klass range: 0x0

GC Precious Log:
<Empty>

Heap:
 garbage-first heap   total 0K, used 0K [0x00000000fc000000, 0x0000000100000000)
  region size 1024K, 0 young (0K), 0 survivors (0K)

[error occurred during error reporting (printing heap information), id 0xc0000005, EXCEPTION_ACCESS_VIOLATION (0xc0000005) at pc=0x00007fff16041249]

GC Heap History (0 events):
No events

Deoptimization events (0 events):
No events

Classes unloaded (0 events):
No events

Classes redefined (0 events):
No events

Internal exceptions (0 events):
No events

VM Operations (0 events):
No events

Events (1 events):
Event: 0.011 Loaded shared library C:\Program Files\Java\jdk-17\bin\java.dll


Dynamic libraries:
0x00007ff7b1920000 - 0x00007ff7b1930000 	C:\Program Files\Java\jdk-17\bin\java.exe
0x00007fff74490000 - 0x00007fff746a7000 	C:\WINDOWS\SYSTEM32\ntdll.dll
0x00007fff734c0000 - 0x00007fff73584000 	C:\WINDOWS\System32\KERNEL32.DLL
0x00007fff71b80000 - 0x00007fff71f37000 	C:\WINDOWS\System32\KERNELBASE.dll
0x00007fff719b0000 - 0x00007fff71ac1000 	C:\WINDOWS\System32\ucrtbase.dll
0x00007fff69ea0000 - 0x00007fff69eb9000 	C:\Program Files\Java\jdk-17\bin\jli.dll
0x00007fff6db50000 - 0x00007fff6db6b000 	C:\Program Files\Java\jdk-17\bin\VCRUNTIME140.dll
0x00007fff72ee0000 - 0x00007fff72f92000 	C:\WINDOWS\System32\ADVAPI32.dll
0x00007fff74010000 - 0x00007fff740b7000 	C:\WINDOWS\System32\msvcrt.dll
0x00007fff722d0000 - 0x00007fff72378000 	C:\WINDOWS\System32\sechost.dll
0x00007fff72190000 - 0x00007fff721b8000 	C:\WINDOWS\System32\bcrypt.dll
0x00007fff74180000 - 0x00007fff74294000 	C:\WINDOWS\System32\RPCRT4.dll
0x00007fff742a0000 - 0x00007fff7444f000 	C:\WINDOWS\System32\USER32.dll
0x00007fff71ad0000 - 0x00007fff71af6000 	C:\WINDOWS\System32\win32u.dll
0x00007fff73590000 - 0x00007fff735b9000 	C:\WINDOWS\System32\GDI32.dll
0x00007fff71fb0000 - 0x00007fff720c8000 	C:\WINDOWS\System32\gdi32full.dll
0x00007fff70a60000 - 0x00007fff70cf3000 	C:\WINDOWS\WinSxS\amd64_microsoft.windows.common-controls_6595b64144ccf1df_6.0.22621.3672_none_2713b9d173822955\COMCTL32.dll
0x00007fff717a0000 - 0x00007fff7183a000 	C:\WINDOWS\System32\msvcp_win.dll
0x00007fff68c80000 - 0x00007fff68c8a000 	C:\WINDOWS\SYSTEM32\VERSION.dll
0x00007fff72630000 - 0x00007fff72661000 	C:\WINDOWS\System32\IMM32.DLL
0x00007fff6db40000 - 0x00007fff6db4c000 	C:\Program Files\Java\jdk-17\bin\vcruntime140_1.dll
0x00007fff16550000 - 0x00007fff165de000 	C:\Program Files\Java\jdk-17\bin\msvcp140.dll
0x00007fff15970000 - 0x00007fff1654f000 	C:\Program Files\Java\jdk-17\bin\server\jvm.dll
0x00007fff740c0000 - 0x00007fff740c8000 	C:\WINDOWS\System32\PSAPI.DLL
0x00007fff5c6b0000 - 0x00007fff5c6b9000 	C:\WINDOWS\SYSTEM32\WSOCK32.dll
0x00007fff6c690000 - 0x00007fff6c6c4000 	C:\WINDOWS\SYSTEM32\WINMM.dll
0x00007fff721c0000 - 0x00007fff72231000 	C:\WINDOWS\System32\WS2_32.dll
0x00007fff6f870000 - 0x00007fff6f888000 	C:\WINDOWS\SYSTEM32\kernel.appcore.dll
0x00007fff69e90000 - 0x00007fff69e9a000 	C:\Program Files\Java\jdk-17\bin\jimage.dll
0x00007fff71010000 - 0x00007fff71242000 	C:\WINDOWS\SYSTEM32\DBGHELP.DLL
0x00007fff73a50000 - 0x00007fff73dde000 	C:\WINDOWS\System32\combase.dll
0x00007fff72490000 - 0x00007fff72567000 	C:\WINDOWS\System32\OLEAUT32.dll
0x00007fff70f00000 - 0x00007fff70f32000 	C:\WINDOWS\SYSTEM32\dbgcore.DLL
0x00007fff71b00000 - 0x00007fff71b7b000 	C:\WINDOWS\System32\bcryptPrimitives.dll
0x00007fff69620000 - 0x00007fff69645000 	C:\Program Files\Java\jdk-17\bin\java.dll

dbghelp: loaded successfully - version: 4.0.5 - missing functions: none
symbol engine: initialized successfully - sym options: 0x614 - pdb path: .;C:\Program Files\Java\jdk-17\bin;C:\WINDOWS\SYSTEM32;C:\WINDOWS\WinSxS\amd64_microsoft.windows.common-controls_6595b64144ccf1df_6.0.22621.3672_none_2713b9d173822955;C:\Program Files\Java\jdk-17\bin\server

VM Arguments:
jvm_args: -Xmx64m -Xms64m -Dorg.gradle.appname=gradlew 
java_command: org.gradle.wrapper.GradleWrapperMain app:installDebug -PreactNativeDevServerPort=8081
java_class_path (initial): C:\Users\Herna\OneDrive\Desktop\Riwi\Desarrollo\React\vehicleMaintenance\android\\gradle\wrapper\gradle-wrapper.jar
Launcher Type: SUN_STANDARD

[Global flags]
     intx CICompilerCount                          = 4                                         {product} {ergonomic}
     uint ConcGCThreads                            = 2                                         {product} {ergonomic}
     uint G1ConcRefinementThreads                  = 8                                         {product} {ergonomic}
   size_t G1HeapRegionSize                         = 1048576                                   {product} {ergonomic}
    uintx GCDrainStackTargetSize                   = 64                                        {product} {ergonomic}
   size_t InitialHeapSize                          = 67108864                                  {product} {command line}
   size_t MarkStackSize                            = 4194304                                   {product} {ergonomic}
   size_t MaxHeapSize                              = 67108864                                  {product} {command line}
   size_t MinHeapDeltaBytes                        = 1048576                                   {product} {ergonomic}
   size_t MinHeapSize                              = 67108864                                  {product} {command line}
    uintx NonNMethodCodeHeapSize                   = 5839372                                {pd product} {ergonomic}
    uintx NonProfiledCodeHeapSize                  = 122909434                              {pd product} {ergonomic}
    uintx ProfiledCodeHeapSize                     = 122909434                              {pd product} {ergonomic}
    uintx ReservedCodeCacheSize                    = 251658240                              {pd product} {ergonomic}
     bool SegmentedCodeCache                       = true                                      {product} {ergonomic}
   size_t SoftMaxHeapSize                          = 67108864                               {manageable} {ergonomic}
     bool UseCompressedClassPointers               = true                           {product lp64_product} {ergonomic}
     bool UseCompressedOops                        = true                           {product lp64_product} {ergonomic}
     bool UseG1GC                                  = true                                      {product} {ergonomic}
     bool UseLargePagesIndividualAllocation        = false                                  {pd product} {ergonomic}

Logging:
Log output configuration:
 #0: stdout all=warning uptime,level,tags
 #1: stderr all=off uptime,level,tags

Environment Variables:
JAVA_HOME=C:\Program Files\Java\jdk-17
CLASSPATH=C:\Users\Herna\OneDrive\Desktop\Riwi\Desarrollo\React\vehicleMaintenance\android\\gradle\wrapper\gradle-wrapper.jar
PATH=C:\Users\Herna\OneDrive\Desktop\Riwi\Desarrollo\React\vehicleMaintenance\node_modules\.bin;C:\Users\Herna\OneDrive\Desktop\Riwi\Desarrollo\React\node_modules\.bin;C:\Users\Herna\OneDrive\Desktop\Riwi\Desarrollo\node_modules\.bin;C:\Users\Herna\OneDrive\Desktop\Riwi\node_modules\.bin;C:\Users\Herna\OneDrive\Desktop\node_modules\.bin;C:\Users\Herna\OneDrive\node_modules\.bin;C:\Users\Herna\node_modules\.bin;C:\Users\node_modules\.bin;C:\node_modules\.bin;C:\Program Files\nodejs\node_modules\npm\node_modules\@npmcli\run-script\lib\node-gyp-bin;C:\Users\Herna\bin;C:\Program Files\Git\mingw64\bin;C:\Program Files\Git\usr\local\bin;C:\Program Files\Git\usr\bin;C:\Program Files\Git\usr\bin;C:\Program Files\Git\mingw64\bin;C:\Program Files\Git\usr\bin;C:\Users\Herna\bin;C:\Program Files\Common Files\Oracle\Java\javapath;C:\WINDOWS\system32;C:\WINDOWS;C:\WINDOWS\System32\Wbem;C:\WINDOWS\System32\WindowsPowerShell\v1.0;C:\WINDOWS\System32\OpenSSH;C:\Program Files\Microsoft SQL Server\150\Tools\Binn;C:\Program Files\Microsoft SQL Server\Client SDK\ODBC\170\Tools\Binn;C:\Program Files\dotnet;C:\Program Files\Azure Data Studio\bin;C:\Program Files (x86)\Microsoft SQL Server\160\DTS\Binn;C:\Program Files\Git\cmd;C:\ProgramData\chocolatey\bin;C:\Program Files\nodejs;C:\Program Files\Docker\Docker\resources\bin;C:\Program Files\CMake\bin;C:\Users\Herna\AppData\Local\Microsoft\WindowsApps;C:\Users\Herna\AppData\Local\Programs\Microsoft VS Code\bin;C:\Users\Herna\.dotnet\tools;C:\Program Files\Azure Data Studio\bin;C:\Users\Herna\AppData\Local\GitHubDesktop\bin;C:\Users\Herna\System32;C:\Users\Herna\AppData\Roaming\npm;C:\Users\Herna\AppData\Local\Android\Sdk\platform-tools;C:\Program Files\CMake\bin;C:\Program Files\Git\usr\bin\vendor_perl;C:\Program Files\Git\usr\bin\core_perl
USERNAME=Herna
SHELL=C:\Program Files\Git\usr\bin\bash.exe
DISPLAY=needs-to-be-defined
LANG=en_US.UTF-8
OS=Windows_NT
PROCESSOR_IDENTIFIER=AMD64 Family 23 Model 104 Stepping 1, AuthenticAMD



---------------  S Y S T E M  ---------------

OS:
 Windows 11 , 64 bit Build 22621 (10.0.22621.3958)
OS uptime: 0 days 8:37 hours
Hyper-V role detected

CPU: total 8 (initial active 8) (8 cores per cpu, 2 threads per core) family 23 model 104 stepping 1 microcode 0x0, cx8, cmov, fxsr, ht, mmx, 3dnowpref, sse, sse2, sse3, ssse3, sse4a, sse4.1, sse4.2, popcnt, lzcnt, tsc, tscinvbit, avx, avx2, aes, clmul, bmi1, bmi2, adx, sha, fma, vzeroupper, clflush, clflushopt, hv

Memory: 4k page, system-wide physical 7501M (456M free)
TotalPageFile size 30029M (AvailPageFile size 27M)
current process WorkingSet (physical memory assigned to process): 11M, peak: 11M
current process commit charge ("private bytes"): 59M, peak: 123M

vm_info: Java HotSpot(TM) 64-Bit Server VM (17.0.10+11-LTS-240) for windows-amd64 JRE (17.0.10+11-LTS-240), built on Dec 19 2023 21:47:25 by "mach5one" with MS VC++ 17.1 (VS2022)

END.
